DEBUG main druid.sql.Connection - {conn-10001} connected
DEBUG main druid.sql.Connection - {conn-10002} connected
DEBUG main druid.sql.Connection - {conn-10003} connected
DEBUG main druid.sql.Connection - {conn-10004} connected
DEBUG main druid.sql.Connection - {conn-10005} connected
DEBUG main druid.sql.Connection - {conn-10005} pool-connect
DEBUG main druid.sql.Connection - {conn-10005} pool-recycle
DEBUG main druid.sql.Connection - {conn-10005} pool-connect
DEBUG main druid.sql.Connection - {conn-10005} pool-recycle
DEBUG main druid.sql.Connection - {conn-10005} pool-connect
DEBUG main druid.sql.Connection - {conn-10005} pool-recycle
DEBUG main druid.sql.Connection - {conn-10001} connected
DEBUG main druid.sql.Connection - {conn-10002} connected
DEBUG main druid.sql.Connection - {conn-10003} connected
DEBUG main druid.sql.Connection - {conn-10004} connected
DEBUG main druid.sql.Connection - {conn-10005} connected
DEBUG main druid.sql.Connection - {conn-10005} pool-connect
DEBUG main druid.sql.Connection - {conn-10005} pool-recycle
DEBUG main druid.sql.Connection - {conn-10005} pool-connect
DEBUG main druid.sql.Connection - {conn-10005} pool-recycle
DEBUG main druid.sql.Connection - {conn-10005} pool-connect
DEBUG main druid.sql.Connection - {conn-10005} pool-recycle
DEBUG SpringContextShutdownHook druid.sql.Connection - {conn-10001} closed
DEBUG SpringContextShutdownHook druid.sql.Connection - {conn-10002} closed
DEBUG SpringContextShutdownHook druid.sql.Connection - {conn-10003} closed
DEBUG SpringContextShutdownHook druid.sql.Connection - {conn-10004} closed
DEBUG SpringContextShutdownHook druid.sql.Connection - {conn-10005} closed
DEBUG main druid.sql.Connection - {conn-10001} connected
DEBUG main druid.sql.Connection - {conn-10002} connected
DEBUG main druid.sql.Connection - {conn-10003} connected
DEBUG main druid.sql.Connection - {conn-10004} connected
DEBUG main druid.sql.Connection - {conn-10005} connected
DEBUG main druid.sql.Connection - {conn-10005} pool-connect
DEBUG main druid.sql.Connection - {conn-10005} pool-recycle
DEBUG main druid.sql.Connection - {conn-10005} pool-connect
DEBUG main druid.sql.Connection - {conn-10005} pool-recycle
DEBUG main druid.sql.Connection - {conn-10005} pool-connect
DEBUG main druid.sql.Connection - {conn-10005} pool-recycle
DEBUG SpringContextShutdownHook druid.sql.Connection - {conn-10001} closed
DEBUG SpringContextShutdownHook druid.sql.Connection - {conn-10002} closed
DEBUG SpringContextShutdownHook druid.sql.Connection - {conn-10003} closed
DEBUG SpringContextShutdownHook druid.sql.Connection - {conn-10004} closed
DEBUG SpringContextShutdownHook druid.sql.Connection - {conn-10005} closed
DEBUG main druid.sql.Connection - {conn-10001} connected
DEBUG main druid.sql.Connection - {conn-10002} connected
DEBUG main druid.sql.Connection - {conn-10003} connected
DEBUG main druid.sql.Connection - {conn-10004} connected
DEBUG main druid.sql.Connection - {conn-10005} connected
DEBUG main druid.sql.Connection - {conn-10005} pool-connect
DEBUG main druid.sql.Connection - {conn-10005} pool-recycle
DEBUG main druid.sql.Connection - {conn-10005} pool-connect
DEBUG main druid.sql.Connection - {conn-10005} pool-recycle
DEBUG main druid.sql.Connection - {conn-10005} pool-connect
DEBUG main druid.sql.Connection - {conn-10005} pool-recycle
DEBUG SpringContextShutdownHook druid.sql.Connection - {conn-10001} closed
DEBUG SpringContextShutdownHook druid.sql.Connection - {conn-10002} closed
DEBUG SpringContextShutdownHook druid.sql.Connection - {conn-10003} closed
DEBUG SpringContextShutdownHook druid.sql.Connection - {conn-10004} closed
DEBUG SpringContextShutdownHook druid.sql.Connection - {conn-10005} closed
DEBUG main druid.sql.Connection - {conn-10001} connected
DEBUG main druid.sql.Connection - {conn-10002} connected
DEBUG main druid.sql.Connection - {conn-10003} connected
DEBUG main druid.sql.Connection - {conn-10004} connected
DEBUG main druid.sql.Connection - {conn-10005} connected
DEBUG main druid.sql.Connection - {conn-10005} pool-connect
DEBUG main druid.sql.Connection - {conn-10005} pool-recycle
DEBUG main druid.sql.Connection - {conn-10005} pool-connect
DEBUG main druid.sql.Connection - {conn-10005} pool-recycle
DEBUG main druid.sql.Connection - {conn-10005} pool-connect
DEBUG main druid.sql.Connection - {conn-10005} pool-recycle
DEBUG http-nio-8080-exec-3 druid.sql.Connection - {conn-10005} pool-connect
DEBUG http-nio-8080-exec-3 druid.sql.Statement - {conn-10005, pstmt-20000} created. insert into tbl_emp
     ( emp_name,
      
      
        gender,
      
      
        email,
      
      
        d_id ) 
     values ( ?,
      
      
        ?,
      
      
        ?,
      
      
        ? )
DEBUG http-nio-8080-exec-3 druid.sql.Statement - {conn-10005, pstmt-20000} Parameters : [dadsd, 男, 1323@wewq, 1]
DEBUG http-nio-8080-exec-3 druid.sql.Statement - {conn-10005, pstmt-20000} Types : [VARCHAR, VARCHAR, VARCHAR, INTEGER]
DEBUG http-nio-8080-exec-3 druid.sql.Statement - {conn-10005, pstmt-20000} executed. 81.1588 millis. insert into tbl_emp
     ( emp_name,
      
      
        gender,
      
      
        email,
      
      
        d_id ) 
     values ( ?,
      
      
        ?,
      
      
        ?,
      
      
        ? )
DEBUG http-nio-8080-exec-3 druid.sql.Statement - {conn-10005, pstmt-20000} clearParameters. 
DEBUG http-nio-8080-exec-3 druid.sql.Connection - {conn-10005} pool-recycle
DEBUG main druid.sql.Connection - {conn-10001} connected
DEBUG main druid.sql.Connection - {conn-10002} connected
DEBUG main druid.sql.Connection - {conn-10003} connected
DEBUG main druid.sql.Connection - {conn-10004} connected
DEBUG main druid.sql.Connection - {conn-10005} connected
DEBUG main druid.sql.Connection - {conn-10005} pool-connect
DEBUG main druid.sql.Connection - {conn-10005} pool-recycle
DEBUG main druid.sql.Connection - {conn-10005} pool-connect
DEBUG main druid.sql.Connection - {conn-10005} pool-recycle
DEBUG main druid.sql.Connection - {conn-10005} pool-connect
DEBUG main druid.sql.Connection - {conn-10005} pool-recycle
DEBUG SpringContextShutdownHook druid.sql.Connection - {conn-10001} closed
DEBUG SpringContextShutdownHook druid.sql.Connection - {conn-10002} closed
DEBUG SpringContextShutdownHook druid.sql.Connection - {conn-10003} closed
DEBUG SpringContextShutdownHook druid.sql.Connection - {conn-10004} closed
DEBUG SpringContextShutdownHook druid.sql.Connection - {conn-10005} closed
DEBUG http-nio-8080-exec-10 druid.sql.Connection - {conn-10005} pool-connect
DEBUG http-nio-8080-exec-10 druid.sql.Statement - {conn-10005, pstmt-20000} Parameters : [dadsd, 男, 1323@wewq, 1]
DEBUG http-nio-8080-exec-10 druid.sql.Statement - {conn-10005, pstmt-20000} Types : [VARCHAR, VARCHAR, VARCHAR, INTEGER]
DEBUG http-nio-8080-exec-10 druid.sql.Statement - {conn-10005, pstmt-20000} executed. 74.8222 millis. insert into tbl_emp
     ( emp_name,
      
      
        gender,
      
      
        email,
      
      
        d_id ) 
     values ( ?,
      
      
        ?,
      
      
        ?,
      
      
        ? )
DEBUG http-nio-8080-exec-10 druid.sql.Statement - {conn-10005, pstmt-20000} clearParameters. 
DEBUG http-nio-8080-exec-10 druid.sql.Connection - {conn-10005} pool-recycle
DEBUG main druid.sql.Connection - {conn-10001} connected
DEBUG main druid.sql.Connection - {conn-10002} connected
DEBUG main druid.sql.Connection - {conn-10003} connected
DEBUG main druid.sql.Connection - {conn-10004} connected
DEBUG main druid.sql.Connection - {conn-10005} connected
DEBUG main druid.sql.Connection - {conn-10005} pool-connect
DEBUG main druid.sql.Connection - {conn-10005} pool-recycle
DEBUG main druid.sql.Connection - {conn-10005} pool-connect
DEBUG main druid.sql.Connection - {conn-10005} pool-recycle
DEBUG main druid.sql.Connection - {conn-10005} pool-connect
DEBUG main druid.sql.Connection - {conn-10005} pool-recycle
DEBUG SpringContextShutdownHook druid.sql.Connection - {conn-10001} closed
DEBUG SpringContextShutdownHook druid.sql.Connection - {conn-10002} closed
DEBUG SpringContextShutdownHook druid.sql.Connection - {conn-10003} closed
DEBUG SpringContextShutdownHook druid.sql.Connection - {conn-10004} closed
DEBUG SpringContextShutdownHook druid.sql.Connection - {conn-10005} closed
DEBUG http-nio-8080-exec-5 druid.sql.Connection - {conn-10005} pool-connect
DEBUG http-nio-8080-exec-5 druid.sql.Statement - {conn-10005, pstmt-20000} Parameters : [dadsd, 男, 1323@wewq, 1]
DEBUG http-nio-8080-exec-5 druid.sql.Statement - {conn-10005, pstmt-20000} Types : [VARCHAR, VARCHAR, VARCHAR, INTEGER]
DEBUG http-nio-8080-exec-5 druid.sql.Statement - {conn-10005, pstmt-20000} executed. 128.6111 millis. insert into tbl_emp
     ( emp_name,
      
      
        gender,
      
      
        email,
      
      
        d_id ) 
     values ( ?,
      
      
        ?,
      
      
        ?,
      
      
        ? )
DEBUG http-nio-8080-exec-5 druid.sql.Statement - {conn-10005, pstmt-20000} clearParameters. 
DEBUG http-nio-8080-exec-5 druid.sql.Connection - {conn-10005} pool-recycle
DEBUG http-nio-8080-exec-6 druid.sql.Connection - {conn-10005} pool-connect
DEBUG http-nio-8080-exec-6 druid.sql.Statement - {conn-10005, pstmt-20000} Parameters : [dadsd, 男, 1323@wewq, 1]
DEBUG http-nio-8080-exec-6 druid.sql.Statement - {conn-10005, pstmt-20000} Types : [VARCHAR, VARCHAR, VARCHAR, INTEGER]
DEBUG http-nio-8080-exec-6 druid.sql.Statement - {conn-10005, pstmt-20000} executed. 90.0886 millis. insert into tbl_emp
     ( emp_name,
      
      
        gender,
      
      
        email,
      
      
        d_id ) 
     values ( ?,
      
      
        ?,
      
      
        ?,
      
      
        ? )
DEBUG http-nio-8080-exec-6 druid.sql.Statement - {conn-10005, pstmt-20000} clearParameters. 
DEBUG http-nio-8080-exec-6 druid.sql.Connection - {conn-10005} pool-recycle
DEBUG http-nio-8080-exec-3 druid.sql.Connection - {conn-10005} pool-connect
DEBUG http-nio-8080-exec-3 druid.sql.Statement - {conn-10005, pstmt-20000} Parameters : [zhangsa, 男, weqe@qq.com, 1]
DEBUG http-nio-8080-exec-3 druid.sql.Statement - {conn-10005, pstmt-20000} Types : [VARCHAR, VARCHAR, VARCHAR, INTEGER]
DEBUG http-nio-8080-exec-3 druid.sql.Statement - {conn-10005, pstmt-20000} executed. 72.4083 millis. insert into tbl_emp
     ( emp_name,
      
      
        gender,
      
      
        email,
      
      
        d_id ) 
     values ( ?,
      
      
        ?,
      
      
        ?,
      
      
        ? )
DEBUG http-nio-8080-exec-3 druid.sql.Statement - {conn-10005, pstmt-20000} clearParameters. 
DEBUG http-nio-8080-exec-3 druid.sql.Connection - {conn-10005} pool-recycle
DEBUG http-nio-8080-exec-4 druid.sql.Connection - {conn-10005} pool-connect
DEBUG http-nio-8080-exec-4 druid.sql.Statement - {conn-10005, pstmt-20000} Parameters : [zhangsa, 男, weqe@qq.com, 1]
DEBUG http-nio-8080-exec-4 druid.sql.Statement - {conn-10005, pstmt-20000} Types : [VARCHAR, VARCHAR, VARCHAR, INTEGER]
DEBUG http-nio-8080-exec-4 druid.sql.Statement - {conn-10005, pstmt-20000} executed. 73.5684 millis. insert into tbl_emp
     ( emp_name,
      
      
        gender,
      
      
        email,
      
      
        d_id ) 
     values ( ?,
      
      
        ?,
      
      
        ?,
      
      
        ? )
DEBUG http-nio-8080-exec-4 druid.sql.Statement - {conn-10005, pstmt-20000} clearParameters. 
DEBUG http-nio-8080-exec-4 druid.sql.Connection - {conn-10005} pool-recycle
DEBUG main druid.sql.Connection - {conn-10001} connected
DEBUG main druid.sql.Connection - {conn-10002} connected
DEBUG main druid.sql.Connection - {conn-10003} connected
DEBUG main druid.sql.Connection - {conn-10004} connected
DEBUG main druid.sql.Connection - {conn-10005} connected
DEBUG main druid.sql.Connection - {conn-10005} pool-connect
DEBUG main druid.sql.Connection - {conn-10005} pool-recycle
DEBUG main druid.sql.Connection - {conn-10005} pool-connect
DEBUG main druid.sql.Connection - {conn-10005} pool-recycle
DEBUG main druid.sql.Connection - {conn-10005} pool-connect
DEBUG main druid.sql.Connection - {conn-10005} pool-recycle
DEBUG SpringContextShutdownHook druid.sql.Connection - {conn-10001} closed
DEBUG SpringContextShutdownHook druid.sql.Connection - {conn-10002} closed
DEBUG SpringContextShutdownHook druid.sql.Connection - {conn-10003} closed
DEBUG SpringContextShutdownHook druid.sql.Connection - {conn-10004} closed
DEBUG SpringContextShutdownHook druid.sql.Connection - {conn-10005} closed
DEBUG main druid.sql.Connection - {conn-10001} connected
DEBUG main druid.sql.Connection - {conn-10002} connected
DEBUG main druid.sql.Connection - {conn-10003} connected
DEBUG main druid.sql.Connection - {conn-10004} connected
DEBUG main druid.sql.Connection - {conn-10005} connected
DEBUG main druid.sql.Connection - {conn-10005} pool-connect
DEBUG main druid.sql.Connection - {conn-10005} pool-recycle
DEBUG main druid.sql.Connection - {conn-10005} pool-connect
DEBUG main druid.sql.Connection - {conn-10005} pool-recycle
DEBUG main druid.sql.Connection - {conn-10005} pool-connect
DEBUG main druid.sql.Connection - {conn-10005} pool-recycle
DEBUG SpringContextShutdownHook druid.sql.Connection - {conn-10001} closed
DEBUG SpringContextShutdownHook druid.sql.Connection - {conn-10002} closed
DEBUG SpringContextShutdownHook druid.sql.Connection - {conn-10003} closed
DEBUG SpringContextShutdownHook druid.sql.Connection - {conn-10004} closed
DEBUG SpringContextShutdownHook druid.sql.Connection - {conn-10005} closed
